1521680364447	geckodriver	INFO	geckodriver 0.20.0
1521680364452	geckodriver	INFO	Listening on 127.0.0.1:56738
1521680365457	mozrunner::runner	INFO	Running command: "/Applications/Firefox.app/Contents/MacOS/firefox-bin" "-marionette" "-profile" "/var/folders/0t/yqgjqfks7391lz5pfvmpsbxr0000gn/T/rust_mozprofile.qUpZ5RMzZ7uP"
1521680366030	Marionette	INFO	Enabled via --marionette
2018-03-21 19:59:26.917 plugin-container[87902:9543730] *** CFMessagePort: bootstrap_register(): failed 1100 (0x44c) 'Permission denied', port = 0xa137, name = 'com.apple.tsm.portname'
See /usr/include/servers/bootstrap_defs.h for the error codes.
1521680367326	Marionette	INFO	Listening on port 56749
1521680367352	Marionette	WARN	TLS certificate errors will be ignored for this session
2018-03-21 19:59:27.937 plugin-container[87903:9543817] *** CFMessagePort: bootstrap_register(): failed 1100 (0x44c) 'Permission denied', port = 0x9d37, name = 'com.apple.tsm.portname'
See /usr/include/servers/bootstrap_defs.h for the error codes.
*** UTM:SVC TimerManager:registerTimer called after profile-before-change notification. Ignoring timer registration for id: telemetry_modules_ping
1521680382003	geckodriver::marionette	ERROR	Failed to stop browser process
1521681531239	geckodriver	INFO	geckodriver 0.20.0
1521681531250	geckodriver	INFO	Listening on 127.0.0.1:57112
1521681532235	mozrunner::runner	INFO	Running command: "/Applications/Firefox.app/Contents/MacOS/firefox-bin" "-marionette" "-profile" "/var/folders/0t/yqgjqfks7391lz5pfvmpsbxr0000gn/T/rust_mozprofile.QSxu13kbVuq3"
1521681532816	Marionette	INFO	Enabled via --marionette
2018-03-21 20:18:53.736 plugin-container[87965:9551234] *** CFMessagePort: bootstrap_register(): failed 1100 (0x44c) 'Permission denied', port = 0xa137, name = 'com.apple.tsm.portname'
See /usr/include/servers/bootstrap_defs.h for the error codes.
1521681534130	Marionette	INFO	Listening on port 57123
1521681534218	Marionette	WARN	TLS certificate errors will be ignored for this session
2018-03-21 20:18:54.684 plugin-container[87966:9551316] *** CFMessagePort: bootstrap_register(): failed 1100 (0x44c) 'Permission denied', port = 0x9f37, name = 'com.apple.tsm.portname'
See /usr/include/servers/bootstrap_defs.h for the error codes.
*** UTM:SVC TimerManager:registerTimer called after profile-before-change notification. Ignoring timer registration for id: telemetry_modules_ping
1521681548071	geckodriver::marionette	ERROR	Failed to stop browser process
